<?xml version="1.0" encoding="UTF-8"?>
<!-- Generated by org.testng.reporters.JUnitReportReporter -->
<testsuite hostname="bhavya-110-a04" name="com.crm.qa.testcases.LoginPageTest" tests="4" failures="0" timestamp="8 Sep 2018 07:18:37 GMT" time="49.271" errors="0">
  <testcase name="verifyloginbuttondisplay" time="11.052" classname="com.crm.qa.testcases.LoginPageTest"/>
  <testcase name="verfiyCRMLogo" time="10.247" classname="com.crm.qa.testcases.LoginPageTest"/>
  <testcase name="loginPageTitleTest" time="10.248" classname="com.crm.qa.testcases.LoginPageTest"/>
  <testcase name="loginTest" time="17.724" classname="com.crm.qa.testcases.LoginPageTest"/>
</testsuite> <!-- com.crm.qa.testcases.LoginPageTest -->
