<?xml version="1.0" encoding="UTF-8"?>
<!-- Generated by org.testng.reporters.JUnitReportReporter -->
<testsuite skipped="1" hostname="bhavya-110-a04" name="com.crm.qa.testcases.ContactPageTest" tests="1" failures="0" timestamp="08 Sep 2018 17:52:23 GMT" time="0.000" errors="0">
  <testcase name="fillTheForm" time="0.000" classname="com.crm.qa.testcases.ContactPageTest">
    <skipped/>
  </testcase> <!-- fillTheForm -->
</testsuite> <!-- com.crm.qa.testcases.ContactPageTest -->
