<?xml version="1.0" encoding="UTF-8"?>
<!-- Generated by org.testng.reporters.JUnitReportReporter -->
<testsuite hostname="bhavya-110-a04" name="com.crm.qa.testcases.LoginPageTest" tests="4" failures="0" timestamp="8 Sep 2018 07:33:02 GMT" time="51.278" errors="0">
  <testcase name="verifyloginbuttondisplay" time="10.110" classname="com.crm.qa.testcases.LoginPageTest"/>
  <testcase name="verfiyCRMLogo" time="10.111" classname="com.crm.qa.testcases.LoginPageTest"/>
  <testcase name="loginPageTitleTest" time="10.820" classname="com.crm.qa.testcases.LoginPageTest"/>
  <testcase name="loginTest" time="20.237" classname="com.crm.qa.testcases.LoginPageTest"/>
</testsuite> <!-- com.crm.qa.testcases.LoginPageTest -->
